#
# There is insufficient memory for the Java Runtime Environment to continue.
# Native memory allocation (mmap) failed to map 348913664 bytes for committing reserved memory.
# Possible reasons:
#   The system is out of physical RAM or swap space
#   In 32 bit mode, the process size limit was hit
# Possible solutions:
#   Reduce memory load on the system
#   Increase physical memory or swap space
#   Check if swap backing store is full
#   Use 64 bit Java on a 64 bit OS
#   Decrease Java heap size (-Xmx/-Xms)
#   Decrease number of Java threads
#   Decrease Java thread stack sizes (-Xss)
#   Set larger code cache with -XX:ReservedCodeCacheSize=
# This output file may be truncated or incomplete.
#
#  Out of Memory Error (os_linux.cpp:2627), pid=62872, tid=140415857841920
#
# JRE version:  (8.0_60-b27) (build )
# Java VM: Java HotSpot(TM) 64-Bit Server VM (25.60-b23 mixed mode linux-amd64 compressed oops)
# Failed to write core dump. Core dumps have been disabled. To enable core dumping, try "ulimit -c unlimited" before starting Java again
#

---------------  T H R E A D  ---------------

Current thread (0x00007fb51800a000):  JavaThread "Unknown thread" [_thread_in_vm, id=62873, stack(0x00007fb51d33d000,0x00007fb51d53e000)]

Stack: [0x00007fb51d33d000,0x00007fb51d53e000],  sp=0x00007fb51d53c300,  free space=2044k
Native frames: (J=compiled Java code, j=interpreted, Vv=VM code, C=native code)
V  [libjvm.so+0xab97ea]  VMError::report_and_die()+0x2ba
V  [libjvm.so+0x4f9dab]  report_vm_out_of_memory(char const*, int, unsigned long, VMErrorType, char const*)+0x8b
V  [libjvm.so+0x91a7c3]  os::Linux::commit_memory_impl(char*, unsigned long, bool)+0x103
V  [libjvm.so+0x91ad19]  os::pd_commit_memory(char*, unsigned long, unsigned long, bool)+0x29
V  [libjvm.so+0x91502a]  os::commit_memory(char*, unsigned long, unsigned long, bool)+0x2a
V  [libjvm.so+0xab5549]  VirtualSpace::expand_by(unsigned long, bool)+0x199
V  [libjvm.so+0xab609e]  VirtualSpace::initialize(ReservedSpace, unsigned long)+0xee
V  [libjvm.so+0x5f633d]  Generation::Generation(ReservedSpace, unsigned long, int)+0xbd
V  [libjvm.so+0x4ff336]  DefNewGeneration::DefNewGeneration(ReservedSpace, unsigned long, int, char const*)+0x46
V  [libjvm.so+0x93972f]  ParNewGeneration::ParNewGeneration(ReservedSpace, unsigned long, int)+0x4f
V  [libjvm.so+0x5f7b36]  GenerationSpec::init(ReservedSpace, int, GenRemSet*)+0x2d6
V  [libjvm.so+0x5e663e]  GenCollectedHeap::initialize()+0x1de
V  [libjvm.so+0xa8218b]  Universe::initialize_heap()+0xfb
V  [libjvm.so+0xa824fe]  universe_init()+0x3e
V  [libjvm.so+0x6388a5]  init_globals()+0x65
V  [libjvm.so+0xa666fe]  Threads::create_vm(JavaVMInitArgs*, bool*)+0x23e
V  [libjvm.so+0x6ccd34]  JNI_CreateJavaVM+0x74
C  [libjli.so+0x745e]  JavaMain+0x9e
C  [libpthread.so.0+0x80a4]  start_thread+0xc4


---------------  P R O C E S S  ---------------

Java Threads: ( => current thread )

Other Threads:

=>0x00007fb51800a000 (exited) JavaThread "Unknown thread" [_thread_in_vm, id=62873, stack(0x00007fb51d33d000,0x00007fb51d53e000)]

VM state:not at safepoint (not fully initialized)

VM Mutex/Monitor currently owned by a thread: None

GC Heap History (0 events):
No events

Deoptimization events (0 events):
No events

Internal exceptions (0 events):
No events

Events (0 events):
No events


Dynamic libraries:
00400000-00401000 r-xp 00000000 08:01 1832735                            /usr/lib/jvm/java-8-oracle/jre/bin/java
00600000-00601000 rw-p 00000000 08:01 1832735                            /usr/lib/jvm/java-8-oracle/jre/bin/java
01808000-01829000 rw-p 00000000 00:00 0                                  [heap]
d4cc0000-100000000 ---p 00000000 00:00 0 
7fb4f8000000-7fb4f8021000 rw-p 00000000 00:00 0 
7fb4f8021000-7fb4fc000000 ---p 00000000 00:00 0 
7fb500000000-7fb500021000 rw-p 00000000 00:00 0 
7fb500021000-7fb504000000 ---p 00000000 00:00 0 
7fb504000000-7fb504021000 rw-p 00000000 00:00 0 
7fb504021000-7fb508000000 ---p 00000000 00:00 0 
7fb508000000-7fb508021000 rw-p 00000000 00:00 0 
7fb508021000-7fb50c000000 ---p 00000000 00:00 0 
7fb50f877000-7fb50fafc000 rw-p 00000000 00:00 0 
7fb50fafc000-7fb50fcfc000 ---p 00000000 00:00 0 
7fb50fcfc000-7fb50fcfd000 rw-p 00000000 00:00 0 
7fb50fcfd000-7fb50fcfe000 ---p 00000000 00:00 0 
7fb50fcfe000-7fb50fdfe000 rw-p 00000000 00:00 0                          [stack:62877]
7fb50fdfe000-7fb50fdff000 ---p 00000000 00:00 0 
7fb50fdff000-7fb50feff000 rw-p 00000000 00:00 0                          [stack:62876]
7fb50feff000-7fb50ff00000 ---p 00000000 00:00 0 
7fb50ff00000-7fb510000000 rw-p 00000000 00:00 0                          [stack:62875]
7fb510000000-7fb510270000 rwxp 00000000 00:00 0 
7fb510270000-7fb518000000 ---p 00000000 00:00 0 
7fb518000000-7fb518038000 rw-p 00000000 00:00 0 
7fb518038000-7fb51c000000 ---p 00000000 00:00 0 
7fb51c0a8000-7fb51c0b2000 rw-p 00000000 00:00 0 
7fb51c0b2000-7fb51c2a8000 ---p 00000000 00:00 0 
7fb51c2a8000-7fb51c2c2000 r-xp 00000000 08:01 1832645                    /usr/lib/jvm/java-8-oracle/jre/lib/amd64/libzip.so
7fb51c2c2000-7fb51c4c2000 ---p 0001a000 08:01 1832645                    /usr/lib/jvm/java-8-oracle/jre/lib/amd64/libzip.so
7fb51c4c2000-7fb51c4c3000 rw-p 0001a000 08:01 1832645                    /usr/lib/jvm/java-8-oracle/jre/lib/amd64/libzip.so
7fb51c4c3000-7fb51c4ce000 r-xp 00000000 08:01 913929                     /lib/x86_64-linux-gnu/libnss_files-2.19.so
7fb51c4ce000-7fb51c6cd000 ---p 0000b000 08:01 913929                     /lib/x86_64-linux-gnu/libnss_files-2.19.so
7fb51c6cd000-7fb51c6ce000 r--p 0000a000 08:01 913929                     /lib/x86_64-linux-gnu/libnss_files-2.19.so
7fb51c6ce000-7fb51c6cf000 rw-p 0000b000 08:01 913929                     /lib/x86_64-linux-gnu/libnss_files-2.19.so
7fb51c6cf000-7fb51c6d9000 r-xp 00000000 08:01 913930                     /lib/x86_64-linux-gnu/libnss_nis-2.19.so
7fb51c6d9000-7fb51c8d8000 ---p 0000a000 08:01 913930                     /lib/x86_64-linux-gnu/libnss_nis-2.19.so
7fb51c8d8000-7fb51c8d9000 r--p 00009000 08:01 913930                     /lib/x86_64-linux-gnu/libnss_nis-2.19.so
7fb51c8d9000-7fb51c8da000 rw-p 0000a000 08:01 913930                     /lib/x86_64-linux-gnu/libnss_nis-2.19.so
7fb51c8da000-7fb51c8ef000 r-xp 00000000 08:01 913946                     /lib/x86_64-linux-gnu/libnsl-2.19.so
7fb51c8ef000-7fb51caee000 ---p 00015000 08:01 913946                     /lib/x86_64-linux-gnu/libnsl-2.19.so
7fb51caee000-7fb51caef000 r--p 00014000 08:01 913946                     /lib/x86_64-linux-gnu/libnsl-2.19.so
7fb51caef000-7fb51caf0000 rw-p 00015000 08:01 913946                     /lib/x86_64-linux-gnu/libnsl-2.19.so
7fb51caf0000-7fb51caf2000 rw-p 00000000 00:00 0 
7fb51caf2000-7fb51caf9000 r-xp 00000000 08:01 913938                     /lib/x86_64-linux-gnu/libnss_compat-2.19.so
7fb51caf9000-7fb51ccf8000 ---p 00007000 08:01 913938                     /lib/x86_64-linux-gnu/libnss_compat-2.19.so
7fb51ccf8000-7fb51ccf9000 r--p 00006000 08:01 913938                     /lib/x86_64-linux-gnu/libnss_compat-2.19.so
7fb51ccf9000-7fb51ccfa000 rw-p 00007000 08:01 913938                     /lib/x86_64-linux-gnu/libnss_compat-2.19.so
7fb51ccfa000-7fb51cd24000 r-xp 00000000 08:01 1832623                    /usr/lib/jvm/java-8-oracle/jre/lib/amd64/libjava.so
7fb51cd24000-7fb51cf24000 ---p 0002a000 08:01 1832623                    /usr/lib/jvm/java-8-oracle/jre/lib/amd64/libjava.so
7fb51cf24000-7fb51cf26000 rw-p 0002a000 08:01 1832623                    /usr/lib/jvm/java-8-oracle/jre/lib/amd64/libjava.so
7fb51cf26000-7fb51cf33000 r-xp 00000000 08:01 1832639                    /usr/lib/jvm/java-8-oracle/jre/lib/amd64/libverify.so
7fb51cf33000-7fb51d133000 ---p 0000d000 08:01 1832639                    /usr/lib/jvm/java-8-oracle/jre/lib/amd64/libverify.so
7fb51d133000-7fb51d135000 rw-p 0000d000 08:01 1832639                    /usr/lib/jvm/java-8-oracle/jre/lib/amd64/libverify.so
7fb51d135000-7fb51d13c000 r-xp 00000000 08:01 913936                     /lib/x86_64-linux-gnu/librt-2.19.so
7fb51d13c000-7fb51d33b000 ---p 00007000 08:01 913936                     /lib/x86_64-linux-gnu/librt-2.19.so
7fb51d33b000-7fb51d33c000 r--p 00006000 08:01 913936                     /lib/x86_64-linux-gnu/librt-2.19.so
7fb51d33c000-7fb51d33d000 rw-p 00007000 08:01 913936                     /lib/x86_64-linux-gnu/librt-2.19.so
7fb51d33d000-7fb51d340000 ---p 00000000 00:00 0 
7fb51d340000-7fb51d53e000 rw-p 00000000 00:00 0                          [stack:62873]
7fb51d53e000-7fb51d63e000 r-xp 00000000 08:01 913941                     /lib/x86_64-linux-gnu/libm-2.19.so
7fb51d63e000-7fb51d83d000 ---p 00100000 08:01 913941                     /lib/x86_64-linux-gnu/libm-2.19.so
7fb51d83d000-7fb51d83e000 r--p 000ff000 08:01 913941                     /lib/x86_64-linux-gnu/libm-2.19.so
7fb51d83e000-7fb51d83f000 rw-p 00100000 08:01 913941                     /lib/x86_64-linux-gnu/libm-2.19.so
7fb51d83f000-7fb51e4fd000 r-xp 00000000 08:01 1832661                    /usr/lib/jvm/java-8-oracle/jre/lib/amd64/server/libjvm.so
7fb51e4fd000-7fb51e6fc000 ---p 00cbe000 08:01 1832661                    /usr/lib/jvm/java-8-oracle/jre/lib/amd64/server/libjvm.so
7fb51e6fc000-7fb51e7d4000 rw-p 00cbd000 08:01 1832661                    /usr/lib/jvm/java-8-oracle/jre/lib/amd64/server/libjvm.so
7fb51e7d4000-7fb51e819000 rw-p 00000000 00:00 0 
7fb51e819000-7fb51e9b8000 r-xp 00000000 08:01 913942                     /lib/x86_64-linux-gnu/libc-2.19.so
7fb51e9b8000-7fb51ebb8000 ---p 0019f000 08:01 913942                     /lib/x86_64-linux-gnu/libc-2.19.so
7fb51ebb8000-7fb51ebbc000 r--p 0019f000 08:01 913942                     /lib/x86_64-linux-gnu/libc-2.19.so
7fb51ebbc000-7fb51ebbe000 rw-p 001a3000 08:01 913942                     /lib/x86_64-linux-gnu/libc-2.19.so
7fb51ebbe000-7fb51ebc2000 rw-p 00000000 00:00 0 
7fb51ebc2000-7fb51ebc5000 r-xp 00000000 08:01 913927                     /lib/x86_64-linux-gnu/libdl-2.19.so
7fb51ebc5000-7fb51edc4000 ---p 00003000 08:01 913927                     /lib/x86_64-linux-gnu/libdl-2.19.so
7fb51edc4000-7fb51edc5000 r--p 00002000 08:01 913927                     /lib/x86_64-linux-gnu/libdl-2.19.so
7fb51edc5000-7fb51edc6000 rw-p 00003000 08:01 913927                     /lib/x86_64-linux-gnu/libdl-2.19.so
7fb51edc6000-7fb51eddb000 r-xp 00000000 08:01 1832633                    /usr/lib/jvm/java-8-oracle/jre/lib/amd64/jli/libjli.so
7fb51eddb000-7fb51efdb000 ---p 00015000 08:01 1832633                    /usr/lib/jvm/java-8-oracle/jre/lib/amd64/jli/libjli.so
7fb51efdb000-7fb51efdc000 rw-p 00015000 08:01 1832633                    /usr/lib/jvm/java-8-oracle/jre/lib/amd64/jli/libjli.so
7fb51efdc000-7fb51eff4000 r-xp 00000000 08:01 913935                     /lib/x86_64-linux-gnu/libpthread-2.19.so
7fb51eff4000-7fb51f1f3000 ---p 00018000 08:01 913935                     /lib/x86_64-linux-gnu/libpthread-2.19.so
7fb51f1f3000-7fb51f1f4000 r--p 00017000 08:01 913935                     /lib/x86_64-linux-gnu/libpthread-2.19.so
7fb51f1f4000-7fb51f1f5000 rw-p 00018000 08:01 913935                     /lib/x86_64-linux-gnu/libpthread-2.19.so
7fb51f1f5000-7fb51f1f9000 rw-p 00000000 00:00 0 
7fb51f1f9000-7fb51f219000 r-xp 00000000 08:01 913925                     /lib/x86_64-linux-gnu/ld-2.19.so
7fb51f2fc000-7fb51f2fd000 ---p 00000000 00:00 0 
7fb51f2fd000-7fb51f401000 rw-p 00000000 00:00 0                          [stack:62874]
7fb51f40a000-7fb51f40d000 rw-p 00000000 00:00 0 
7fb51f40d000-7fb51f415000 rw-s 00000000 08:01 1306938                    /tmp/hsperfdata_olivier/62872
7fb51f415000-7fb51f416000 rw-p 00000000 00:00 0 
7fb51f416000-7fb51f417000 r--p 00000000 00:00 0 
7fb51f417000-7fb51f419000 rw-p 00000000 00:00 0 
7fb51f419000-7fb51f41a000 r--p 00020000 08:01 913925                     /lib/x86_64-linux-gnu/ld-2.19.so
7fb51f41a000-7fb51f41b000 rw-p 00021000 08:01 913925                     /lib/x86_64-linux-gnu/ld-2.19.so
7fb51f41b000-7fb51f41c000 rw-p 00000000 00:00 0 
7ffe7579f000-7ffe757c0000 rw-p 00000000 00:00 0                          [stack]
7ffe757e2000-7ffe757e4000 r-xp 00000000 00:00 0                          [vdso]
7ffe757e4000-7ffe757e6000 r--p 00000000 00:00 0                          [vvar]
ffffffffff600000-ffffffffff601000 r-xp 00000000 00:00 0                  [vsyscall]

VM Arguments:
jvm_args: -Xmx2G -XX:+UseConcMarkSweepGC -XX:+CMSClassUnloadingEnabled -XX:MaxPermSize=2G -Xss2M -Xms1024m -Xmx1024m -XX:ReservedCodeCacheSize=128m -XX:MaxMetaspaceSize=256m 
java_command: /usr/share/sbt-launcher-packaging/bin/sbt-launch.jar run example.scala 123
java_class_path (initial): /usr/share/sbt-launcher-packaging/bin/sbt-launch.jar
Launcher Type: SUN_STANDARD

Environment Variables:
PATH=/usr/local/bin:/usr/bin:/bin:/usr/local/games:/usr/games:/home/olivier/.cabal/bin
SHELL=/bin/bash
DISPLAY=:0

Signal Handlers:
SIGSEGV: [libjvm.so+0xaba070], sa_mask[0]=11111111011111111101111111111110, sa_flags=SA_RESTART|SA_SIGINFO
SIGBUS: [libjvm.so+0xaba070], sa_mask[0]=11111111011111111101111111111110, sa_flags=SA_RESTART|SA_SIGINFO
SIGFPE: [libjvm.so+0x917630], sa_mask[0]=11111111011111111101111111111110, sa_flags=SA_RESTART|SA_SIGINFO
SIGPIPE: [libjvm.so+0x917630], sa_mask[0]=11111111011111111101111111111110, sa_flags=SA_RESTART|SA_SIGINFO
SIGXFSZ: [libjvm.so+0x917630], sa_mask[0]=11111111011111111101111111111110, sa_flags=SA_RESTART|SA_SIGINFO
SIGILL: [libjvm.so+0x917630], sa_mask[0]=11111111011111111101111111111110, sa_flags=SA_RESTART|SA_SIGINFO
SIGUSR1: SIG_DFL, sa_mask[0]=00000000000000000000000000000000, sa_flags=none
SIGUSR2: [libjvm.so+0x918c60], sa_mask[0]=00000000000000000000000000000000, sa_flags=SA_RESTART|SA_SIGINFO
SIGHUP: SIG_DFL, sa_mask[0]=00000000000000000000000000000000, sa_flags=none
SIGINT: SIG_DFL, sa_mask[0]=00000000000000000000000000000000, sa_flags=none
SIGTERM: SIG_DFL, sa_mask[0]=00000000000000000000000000000000, sa_flags=none
SIGQUIT: SIG_DFL, sa_mask[0]=00000000000000000000000000000000, sa_flags=none


---------------  S Y S T E M  ---------------

OS:PRETTY_NAME="Debian GNU/Linux 8 (jessie)"
NAME="Debian GNU/Linux"
VERSION_ID="8"
VERSION="8 (jessie)"
ID=debian
HOME_URL="http://www.debian.org/"
SUPPORT_URL="http://www.debian.org/support/"
BUG_REPORT_URL="https://bugs.debian.org/"

uname:Linux 3.16.0-4-amd64 #1 SMP Debian 3.16.7-ckt9-3~deb8u1 (2015-04-24) x86_64
libc:glibc 2.19 NPTL 2.19 
rlimit: STACK 8192k, CORE 0k, NPROC 15767, NOFILE 65536, AS infinity
load average:0.76 0.45 0.36

/proc/meminfo:
MemTotal:        4054232 kB
MemFree:          150372 kB
MemAvailable:     195584 kB
Buffers:           18796 kB
Cached:           322580 kB
SwapCached:            0 kB
Active:          3499600 kB
Inactive:         232308 kB
Active(anon):    3398016 kB
Inactive(anon):   139844 kB
Active(file):     101584 kB
Inactive(file):    92464 kB
Unevictable:          32 kB
Mlocked:              32 kB
SwapTotal:             0 kB
SwapFree:              0 kB
Dirty:              1732 kB
Writeback:             0 kB
AnonPages:       3390852 kB
Mapped:           207908 kB
Shmem:            146888 kB
Slab:              80584 kB
SReclaimable:      40216 kB
SUnreclaim:        40368 kB
KernelStack:        9296 kB
PageTables:        46336 kB
NFS_Unstable:          0 kB
Bounce:                0 kB
WritebackTmp:          0 kB
CommitLimit:     2027116 kB
Committed_AS:    9572548 kB
VmallocTotal:   34359738367 kB
VmallocUsed:      151644 kB
VmallocChunk:   34359492440 kB
HardwareCorrupted:     0 kB
AnonHugePages:         0 kB
HugePages_Total:       0
HugePages_Free:        0
HugePages_Rsvd:        0
HugePages_Surp:        0
Hugepagesize:       2048 kB
DirectMap4k:       87936 kB
DirectMap2M:     4106240 kB


CPU:total 4 (1 cores per cpu, 1 threads per core) family 6 model 58 stepping 9, cmov, cx8, fxsr, mmx, sse, sse2, sse3, ssse3, sse4.1, sse4.2, popcnt, avx, aes, clmul, erms, tsc, tscinvbit, tscinv

/proc/cpuinfo:
processor	: 0
vendor_id	: GenuineIntel
cpu family	: 6
model		: 58
model name	: Intel(R) Core(TM) i7-3610QM CPU @ 2.30GHz
stepping	: 9
microcode	: 0x10
cpu MHz		: 2294.869
cache size	: 6144 KB
physical id	: 0
siblings	: 1
core id		: 0
cpu cores	: 1
apicid		: 0
initial apicid	: 0
fpu		: yes
fpu_exception	: yes
cpuid level	: 13
wp		: yes
flags		: fpu vme de pse tsc msr pae mce cx8 apic sep mtrr pge mca cmov pat pse36 clflush dts mmx fxsr sse sse2 ss syscall nx rdtscp lm constant_tsc arch_perfmon pebs bts nopl xtopology tsc_reliable nonstop_tsc aperfmperf pni pclmulqdq ssse3 cx16 pcid sse4_1 sse4_2 x2apic popcnt aes xsave avx f16c rdrand hypervisor lahf_lm ida arat epb pln pts dtherm fsgsbase smep
bogomips	: 4589.73
clflush size	: 64
cache_alignment	: 64
address sizes	: 40 bits physical, 48 bits virtual
power management:

processor	: 1
vendor_id	: GenuineIntel
cpu family	: 6
model		: 58
model name	: Intel(R) Core(TM) i7-3610QM CPU @ 2.30GHz
stepping	: 9
microcode	: 0x10
cpu MHz		: 2294.869
cache size	: 6144 KB
physical id	: 2
siblings	: 1
core id		: 0
cpu cores	: 1
apicid		: 2
initial apicid	: 2
fpu		: yes
fpu_exception	: yes
cpuid level	: 13
wp		: yes
flags		: fpu vme de pse tsc msr pae mce cx8 apic sep mtrr pge mca cmov pat pse36 clflush dts mmx fxsr sse sse2 ss syscall nx rdtscp lm constant_tsc arch_perfmon pebs bts nopl xtopology tsc_reliable nonstop_tsc aperfmperf pni pclmulqdq ssse3 cx16 pcid sse4_1 sse4_2 x2apic popcnt aes xsave avx f16c rdrand hypervisor lahf_lm ida arat epb pln pts dtherm fsgsbase smep
bogomips	: 4589.73
clflush size	: 64
cache_alignment	: 64
address sizes	: 40 bits physical, 48 bits virtual
power management:

processor	: 2
vendor_id	: GenuineIntel
cpu family	: 6
model		: 58
model name	: Intel(R) Core(TM) i7-3610QM CPU @ 2.30GHz
stepping	: 9
microcode	: 0x10
cpu MHz		: 2294.869
cache size	: 6144 KB
physical id	: 4
siblings	: 1
core id		: 0
cpu cores	: 1
apicid		: 4
initial apicid	: 4
fpu		: yes
fpu_exception	: yes
cpuid level	: 13
wp		: yes
flags		: fpu vme de pse tsc msr pae mce cx8 apic sep mtrr pge mca cmov pat pse36 clflush dts mmx fxsr sse sse2 ss syscall nx rdtscp lm constant_tsc arch_perfmon pebs bts nopl xtopology tsc_reliable nonstop_tsc aperfmperf pni pclmulqdq ssse3 cx16 pcid sse4_1 sse4_2 x2apic popcnt aes xsave avx f16c rdrand hypervisor lahf_lm ida arat epb pln pts dtherm fsgsbase smep
bogomips	: 4589.73
clflush size	: 64
cache_alignment	: 64
address sizes	: 40 bits physical, 48 bits virtual
power management:

processor	: 3
vendor_id	: GenuineIntel
cpu family	: 6
model		: 58
model name	: Intel(R) Core(TM) i7-3610QM CPU @ 2.30GHz
stepping	: 9
microcode	: 0x10
cpu MHz		: 2294.869
cache size	: 6144 KB
physical id	: 6
siblings	: 1
core id		: 0
cpu cores	: 1
apicid		: 6
initial apicid	: 6
fpu		: yes
fpu_exception	: yes
cpuid level	: 13
wp		: yes
flags		: fpu vme de pse tsc msr pae mce cx8 apic sep mtrr pge mca cmov pat pse36 clflush dts mmx fxsr sse sse2 ss syscall nx rdtscp lm constant_tsc arch_perfmon pebs bts nopl xtopology tsc_reliable nonstop_tsc aperfmperf pni pclmulqdq ssse3 cx16 pcid sse4_1 sse4_2 x2apic popcnt aes xsave avx f16c rdrand hypervisor lahf_lm ida arat epb pln pts dtherm fsgsbase smep
bogomips	: 4589.73
clflush size	: 64
cache_alignment	: 64
address sizes	: 40 bits physical, 48 bits virtual
power management:



Memory: 4k page, physical 4054232k(150372k free), swap 0k(0k free)

vm_info: Java HotSpot(TM) 64-Bit Server VM (25.60-b23) for linux-amd64 JRE (1.8.0_60-b27), built on Aug  4 2015 12:19:40 by "java_re" with gcc 4.3.0 20080428 (Red Hat 4.3.0-8)

time: Sun Sep 20 15:14:29 2015
elapsed time: 0 seconds (0d 0h 0m 0s)

